<?xml version="1.0" encoding="UTF-8"?>
<!-- Generated by org.testng.reporters.JUnitXMLReporter -->
<testsuite ignored="0" hostname="MUKESH-PC" failures="0" tests="3" name="Default test" time="32.923" errors="0" timestamp="2023-05-03T00:11:34 IST">
  <testcase classname="driverFactory.TestDrive" name="ProductVerification" time="16.731"/>
  <testcase classname="driverFactory.TestDrive" name="addQuantity" time="2.886"/>
  <testcase classname="driverFactory.TestDrive" name="cartVerification" time="0.221"/>
</testsuite> <!-- Default test -->
