<?xml version="1.0" encoding="UTF-8"?>
<!-- Generated by org.testng.reporters.JUnitXMLReporter -->
<testsuite ignored="0" hostname="MUKESH-PC" failures="0" tests="3" name="Default test" time="34.43" errors="0" timestamp="2023-04-23T22:15:49 IST">
  <testcase classname="driverFactory.TestDrive" name="ProductVerification" time="12.007"/>
  <testcase classname="driverFactory.TestDrive" name="addQuantity" time="4.31"/>
  <testcase classname="driverFactory.TestDrive" name="cartVerification" time="0.914"/>
</testsuite> <!-- Default test -->
